Warning: You are sending unauthenticated requests to the HF Hub. Please set a HF_TOKEN to enable higher rate limits and faster downloads.
Loading weights:   0%|          | 0/199 [00:00<?, ?it/s]Loading weights:  79%|███████▉  | 158/199 [00:00<00:00, 1578.52it/s]Loading weights: 100%|██████████| 199/199 [00:00<00:00, 1799.13it/s]
[1mXLMRobertaModel LOAD REPORT[0m from: sentence-transformers/paraphrase-multilingual-mpnet-base-v2
Key                     | Status     |  | 
------------------------+------------+--+-
embeddings.position_ids | UNEXPECTED |  | 

Notes:
- UNEXPECTED:	can be ignored when loading from different task/architecture; not ok if you expect identical arch.
INFO:     Started server process [27969]
INFO:     Waiting for application startup.
INFO:     Application startup complete.
INFO:     Uvicorn running on http://0.0.0.0:8000 (Press CTRL+C to quit)
2026-04-07 19:37:47,028 INFO sqlalchemy.engine.Engine select pg_catalog.version()
2026-04-07 19:37:47,029 INFO sqlalchemy.engine.Engine [raw sql] ()
2026-04-07 19:37:47,036 INFO sqlalchemy.engine.Engine select current_schema()
2026-04-07 19:37:47,037 INFO sqlalchemy.engine.Engine [raw sql] ()
2026-04-07 19:37:47,039 INFO sqlalchemy.engine.Engine show standard_conforming_strings
2026-04-07 19:37:47,039 INFO sqlalchemy.engine.Engine [raw sql] ()
2026-04-07 19:37:47,040 INFO sqlalchemy.engine.Engine BEGIN (implicit)
2026-04-07 19:37:47,047 INFO sqlalchemy.engine.Engine SELECT documents.id, documents.title, documents.filename, documents.file_path, documents.language, documents.status, documents.created_at 
FROM documents ORDER BY documents.created_at DESC
2026-04-07 19:37:47,047 INFO sqlalchemy.engine.Engine [generated in 0.00017s] ()
INFO:     127.0.0.1:51748 - "GET /api/v1/documents/ HTTP/1.1" 200 OK
2026-04-07 19:37:47,052 INFO sqlalchemy.engine.Engine ROLLBACK
2026-04-07 19:37:47,056 INFO sqlalchemy.engine.Engine BEGIN (implicit)
2026-04-07 19:37:47,057 INFO sqlalchemy.engine.Engine INSERT INTO documents (title, filename, file_path, language, status) VALUES ($1::VARCHAR, $2::VARCHAR, $3::VARCHAR, $4::VARCHAR, $5::VARCHAR) RETURNING documents.id, documents.created_at
2026-04-07 19:37:47,057 INFO sqlalchemy.engine.Engine [generated in 0.00018s] ('能源合作测试样本.txt', '能源合作测试样本.txt', 'uploads/能源合作测试样本.txt', 'unknown', 'processing')
2026-04-07 19:37:47,060 INFO sqlalchemy.engine.Engine COMMIT
2026-04-07 19:37:47,063 INFO sqlalchemy.engine.Engine BEGIN (implicit)
2026-04-07 19:37:47,064 INFO sqlalchemy.engine.Engine SELECT documents.id, documents.title, documents.filename, documents.file_path, documents.language, documents.status, documents.created_at 
FROM documents 
WHERE documents.id = $1::INTEGER
2026-04-07 19:37:47,064 INFO sqlalchemy.engine.Engine [generated in 0.00013s] (3,)
INFO:     127.0.0.1:51748 - "POST /api/v1/upload/ HTTP/1.1" 200 OK
2026-04-07 19:37:47,129 INFO sqlalchemy.engine.Engine ROLLBACK
2026-04-07 19:37:47,132 INFO sqlalchemy.engine.Engine BEGIN (implicit)
2026-04-07 19:37:47,133 INFO sqlalchemy.engine.Engine SELECT documents.id, documents.title, documents.filename, documents.file_path, documents.language, documents.status, documents.created_at 
FROM documents ORDER BY documents.created_at DESC
2026-04-07 19:37:47,133 INFO sqlalchemy.engine.Engine [cached since 0.08629s ago] ()
INFO:     127.0.0.1:51748 - "GET /api/v1/documents/ HTTP/1.1" 200 OK
2026-04-07 19:37:47,134 INFO sqlalchemy.engine.Engine ROLLBACK
INFO:     127.0.0.1:51766 - "WebSocket /api/v1/ws/logs" [accepted]
INFO:     connection open
2026-04-07 19:37:51,205 INFO sqlalchemy.engine.Engine BEGIN (implicit)
2026-04-07 19:37:51,206 INFO sqlalchemy.engine.Engine SELECT documents.id, documents.title, documents.filename, documents.file_path, documents.language, documents.status, documents.created_at 
FROM documents ORDER BY documents.created_at DESC
2026-04-07 19:37:51,206 INFO sqlalchemy.engine.Engine [cached since 4.159s ago] ()
INFO:     127.0.0.1:51748 - "GET /api/v1/documents/ HTTP/1.1" 200 OK
2026-04-07 19:37:51,208 INFO sqlalchemy.engine.Engine ROLLBACK
2026-04-07 19:37:56,009 INFO sqlalchemy.engine.Engine BEGIN (implicit)
2026-04-07 19:37:56,009 INFO sqlalchemy.engine.Engine SELECT documents.id, documents.title, documents.filename, documents.file_path, documents.language, documents.status, documents.created_at 
FROM documents ORDER BY documents.created_at DESC
2026-04-07 19:37:56,009 INFO sqlalchemy.engine.Engine [cached since 8.962s ago] ()
INFO:     127.0.0.1:51748 - "GET /api/v1/documents/ HTTP/1.1" 200 OK
2026-04-07 19:37:56,011 INFO sqlalchemy.engine.Engine ROLLBACK
2026-04-07 19:37:59,123 INFO sqlalchemy.engine.Engine BEGIN (implicit)
2026-04-07 19:37:59,123 INFO sqlalchemy.engine.Engine INSERT INTO documents (title, filename, file_path, language, status) VALUES ($1::VARCHAR, $2::VARCHAR, $3::VARCHAR, $4::VARCHAR, $5::VARCHAR) RETURNING documents.id, documents.created_at
2026-04-07 19:37:59,123 INFO sqlalchemy.engine.Engine [cached since 12.07s ago] ('能源合作测试样本.txt', '能源合作测试样本.txt', 'uploads/能源合作测试样本.txt', 'unknown', 'processing')
2026-04-07 19:37:59,125 INFO sqlalchemy.engine.Engine COMMIT
2026-04-07 19:37:59,127 INFO sqlalchemy.engine.Engine BEGIN (implicit)
2026-04-07 19:37:59,127 INFO sqlalchemy.engine.Engine SELECT documents.id, documents.title, documents.filename, documents.file_path, documents.language, documents.status, documents.created_at 
FROM documents 
WHERE documents.id = $1::INTEGER
2026-04-07 19:37:59,127 INFO sqlalchemy.engine.Engine [cached since 12.06s ago] (4,)
INFO:     127.0.0.1:51748 - "POST /api/v1/upload/ HTTP/1.1" 200 OK
2026-04-07 19:37:59,130 INFO sqlalchemy.engine.Engine ROLLBACK
2026-04-07 19:37:59,134 INFO sqlalchemy.engine.Engine BEGIN (implicit)
2026-04-07 19:37:59,134 INFO sqlalchemy.engine.Engine SELECT documents.id, documents.title, documents.filename, documents.file_path, documents.language, documents.status, documents.created_at 
FROM documents ORDER BY documents.created_at DESC
2026-04-07 19:37:59,134 INFO sqlalchemy.engine.Engine [cached since 12.09s ago] ()
INFO:     127.0.0.1:51748 - "GET /api/v1/documents/ HTTP/1.1" 200 OK
2026-04-07 19:37:59,137 INFO sqlalchemy.engine.Engine ROLLBACK
2026-04-07 19:38:00,806 INFO sqlalchemy.engine.Engine BEGIN (implicit)
2026-04-07 19:38:00,806 INFO sqlalchemy.engine.Engine SELECT documents.id, documents.title, documents.filename, documents.file_path, documents.language, documents.status, documents.created_at 
FROM documents ORDER BY documents.created_at DESC
2026-04-07 19:38:00,806 INFO sqlalchemy.engine.Engine [cached since 13.76s ago] ()
INFO:     127.0.0.1:51748 - "GET /api/v1/documents/ HTTP/1.1" 200 OK
2026-04-07 19:38:00,809 INFO sqlalchemy.engine.Engine ROLLBACK
2026-04-07 19:38:06,850 INFO sqlalchemy.engine.Engine BEGIN (implicit)
2026-04-07 19:38:06,851 INFO sqlalchemy.engine.Engine SELECT documents.id, documents.title, documents.filename, documents.file_path, documents.language, documents.status, documents.created_at 
FROM documents ORDER BY documents.created_at DESC
2026-04-07 19:38:06,851 INFO sqlalchemy.engine.Engine [cached since 18.57s ago] ()
INFO:     127.0.0.1:51748 - "GET /api/v1/documents/ HTTP/1.1" 200 OK
2026-04-07 19:38:06,853 INFO sqlalchemy.engine.Engine ROLLBACK
2026-04-07 19:38:11,648 INFO sqlalchemy.engine.Engine BEGIN (implicit)
2026-04-07 19:38:11,648 INFO sqlalchemy.engine.Engine SELECT documents.id, documents.title, documents.filename, documents.file_path, documents.language, documents.status, documents.created_at 
FROM documents ORDER BY documents.created_at DESC
2026-04-07 19:38:11,648 INFO sqlalchemy.engine.Engine [cached since 23.36s ago] ()
INFO:     127.0.0.1:51748 - "GET /api/v1/documents/ HTTP/1.1" 200 OK
2026-04-07 19:38:11,650 INFO sqlalchemy.engine.Engine ROLLBACK
2026-04-07 19:38:16,454 INFO sqlalchemy.engine.Engine BEGIN (implicit)
2026-04-07 19:38:16,454 INFO sqlalchemy.engine.Engine SELECT documents.id, documents.title, documents.filename, documents.file_path, documents.language, documents.status, documents.created_at 
FROM documents ORDER BY documents.created_at DESC
2026-04-07 19:38:16,454 INFO sqlalchemy.engine.Engine [cached since 28.17s ago] ()
INFO:     127.0.0.1:51748 - "GET /api/v1/documents/ HTTP/1.1" 200 OK
2026-04-07 19:38:16,458 INFO sqlalchemy.engine.Engine ROLLBACK
2026-04-07 19:38:21,241 INFO sqlalchemy.engine.Engine BEGIN (implicit)
2026-04-07 19:38:21,242 INFO sqlalchemy.engine.Engine SELECT documents.id, documents.title, documents.filename, documents.file_path, documents.language, documents.status, documents.created_at 
FROM documents ORDER BY documents.created_at DESC
2026-04-07 19:38:21,242 INFO sqlalchemy.engine.Engine [cached since 32.96s ago] ()
INFO:     127.0.0.1:51748 - "GET /api/v1/documents/ HTTP/1.1" 200 OK
2026-04-07 19:38:21,243 INFO sqlalchemy.engine.Engine ROLLBACK
2026-04-07 19:38:26,674 INFO sqlalchemy.engine.Engine BEGIN (implicit)
2026-04-07 19:38:26,675 INFO sqlalchemy.engine.Engine SELECT documents.id, documents.title, documents.filename, documents.file_path, documents.language, documents.status, documents.created_at 
FROM documents ORDER BY documents.created_at DESC
2026-04-07 19:38:26,675 INFO sqlalchemy.engine.Engine [cached since 38.39s ago] ()
INFO:     127.0.0.1:51762 - "GET /api/v1/documents/ HTTP/1.1" 200 OK
2026-04-07 19:38:26,676 INFO sqlalchemy.engine.Engine ROLLBACK
2026-04-07 19:38:31,462 INFO sqlalchemy.engine.Engine BEGIN (implicit)
2026-04-07 19:38:31,462 INFO sqlalchemy.engine.Engine SELECT documents.id, documents.title, documents.filename, documents.file_path, documents.language, documents.status, documents.created_at 
FROM documents ORDER BY documents.created_at DESC
2026-04-07 19:38:31,462 INFO sqlalchemy.engine.Engine [cached since 43.18s ago] ()
INFO:     127.0.0.1:51762 - "GET /api/v1/documents/ HTTP/1.1" 200 OK
2026-04-07 19:38:31,465 INFO sqlalchemy.engine.Engine ROLLBACK
2026-04-07 19:38:37,555 INFO sqlalchemy.engine.Engine BEGIN (implicit)
2026-04-07 19:38:37,555 INFO sqlalchemy.engine.Engine SELECT documents.id, documents.title, documents.filename, documents.file_path, documents.language, documents.status, documents.created_at 
FROM documents ORDER BY documents.created_at DESC
2026-04-07 19:38:37,555 INFO sqlalchemy.engine.Engine [cached since 48.01s ago] ()
INFO:     127.0.0.1:51762 - "GET /api/v1/documents/ HTTP/1.1" 200 OK
2026-04-07 19:38:37,558 INFO sqlalchemy.engine.Engine ROLLBACK
2026-04-07 19:38:42,371 INFO sqlalchemy.engine.Engine BEGIN (implicit)
2026-04-07 19:38:42,372 INFO sqlalchemy.engine.Engine SELECT documents.id, documents.title, documents.filename, documents.file_path, documents.language, documents.status, documents.created_at 
FROM documents ORDER BY documents.created_at DESC
2026-04-07 19:38:42,372 INFO sqlalchemy.engine.Engine [cached since 52.83s ago] ()
INFO:     127.0.0.1:51762 - "GET /api/v1/documents/ HTTP/1.1" 200 OK
2026-04-07 19:38:42,373 INFO sqlalchemy.engine.Engine ROLLBACK
2026-04-07 19:38:47,165 INFO sqlalchemy.engine.Engine BEGIN (implicit)
2026-04-07 19:38:47,166 INFO sqlalchemy.engine.Engine SELECT documents.id, documents.title, documents.filename, documents.file_path, documents.language, documents.status, documents.created_at 
FROM documents ORDER BY documents.created_at DESC
2026-04-07 19:38:47,166 INFO sqlalchemy.engine.Engine [cached since 57.62s ago] ()
INFO:     127.0.0.1:51762 - "GET /api/v1/documents/ HTTP/1.1" 200 OK
2026-04-07 19:38:47,169 INFO sqlalchemy.engine.Engine ROLLBACK
2026-04-07 19:38:51,992 INFO sqlalchemy.engine.Engine BEGIN (implicit)
2026-04-07 19:38:51,992 INFO sqlalchemy.engine.Engine SELECT documents.id, documents.title, documents.filename, documents.file_path, documents.language, documents.status, documents.created_at 
FROM documents ORDER BY documents.created_at DESC
2026-04-07 19:38:51,992 INFO sqlalchemy.engine.Engine [cached since 62.45s ago] ()
INFO:     127.0.0.1:51762 - "GET /api/v1/documents/ HTTP/1.1" 200 OK
2026-04-07 19:38:51,995 INFO sqlalchemy.engine.Engine ROLLBACK
2026-04-07 19:38:56,784 INFO sqlalchemy.engine.Engine BEGIN (implicit)
2026-04-07 19:38:56,784 INFO sqlalchemy.engine.Engine SELECT documents.id, documents.title, documents.filename, documents.file_path, documents.language, documents.status, documents.created_at 
FROM documents ORDER BY documents.created_at DESC
2026-04-07 19:38:56,784 INFO sqlalchemy.engine.Engine [cached since 67.24s ago] ()
INFO:     127.0.0.1:51762 - "GET /api/v1/documents/ HTTP/1.1" 200 OK
2026-04-07 19:38:56,787 INFO sqlalchemy.engine.Engine ROLLBACK
2026-04-07 19:39:01,584 INFO sqlalchemy.engine.Engine BEGIN (implicit)
2026-04-07 19:39:01,584 INFO sqlalchemy.engine.Engine SELECT documents.id, documents.title, documents.filename, documents.file_path, documents.language, documents.status, documents.created_at 
FROM documents ORDER BY documents.created_at DESC
2026-04-07 19:39:01,585 INFO sqlalchemy.engine.Engine [cached since 72.04s ago] ()
INFO:     127.0.0.1:51762 - "GET /api/v1/documents/ HTTP/1.1" 200 OK
2026-04-07 19:39:01,586 INFO sqlalchemy.engine.Engine ROLLBACK
2026-04-07 19:39:07,586 INFO sqlalchemy.engine.Engine BEGIN (implicit)
2026-04-07 19:39:07,586 INFO sqlalchemy.engine.Engine SELECT documents.id, documents.title, documents.filename, documents.file_path, documents.language, documents.status, documents.created_at 
FROM documents ORDER BY documents.created_at DESC
2026-04-07 19:39:07,587 INFO sqlalchemy.engine.Engine [cached since 76.85s ago] ()
INFO:     127.0.0.1:51762 - "GET /api/v1/documents/ HTTP/1.1" 200 OK
2026-04-07 19:39:07,588 INFO sqlalchemy.engine.Engine ROLLBACK
2026-04-07 19:39:12,401 INFO sqlalchemy.engine.Engine BEGIN (implicit)
2026-04-07 19:39:12,401 INFO sqlalchemy.engine.Engine SELECT documents.id, documents.title, documents.filename, documents.file_path, documents.language, documents.status, documents.created_at 
FROM documents ORDER BY documents.created_at DESC
2026-04-07 19:39:12,402 INFO sqlalchemy.engine.Engine [cached since 81.66s ago] ()
INFO:     127.0.0.1:51762 - "GET /api/v1/documents/ HTTP/1.1" 200 OK
2026-04-07 19:39:12,403 INFO sqlalchemy.engine.Engine ROLLBACK
2026-04-07 19:39:17,200 INFO sqlalchemy.engine.Engine BEGIN (implicit)
2026-04-07 19:39:17,200 INFO sqlalchemy.engine.Engine SELECT documents.id, documents.title, documents.filename, documents.file_path, documents.language, documents.status, documents.created_at 
FROM documents ORDER BY documents.created_at DESC
2026-04-07 19:39:17,200 INFO sqlalchemy.engine.Engine [cached since 86.46s ago] ()
INFO:     127.0.0.1:51762 - "GET /api/v1/documents/ HTTP/1.1" 200 OK
2026-04-07 19:39:17,201 INFO sqlalchemy.engine.Engine ROLLBACK
2026-04-07 19:39:22,010 INFO sqlalchemy.engine.Engine BEGIN (implicit)
2026-04-07 19:39:22,010 INFO sqlalchemy.engine.Engine SELECT documents.id, documents.title, documents.filename, documents.file_path, documents.language, documents.status, documents.created_at 
FROM documents ORDER BY documents.created_at DESC
2026-04-07 19:39:22,010 INFO sqlalchemy.engine.Engine [cached since 91.27s ago] ()
INFO:     127.0.0.1:51762 - "GET /api/v1/documents/ HTTP/1.1" 200 OK
2026-04-07 19:39:22,012 INFO sqlalchemy.engine.Engine ROLLBACK
2026-04-07 19:39:26,815 INFO sqlalchemy.engine.Engine BEGIN (implicit)
2026-04-07 19:39:26,816 INFO sqlalchemy.engine.Engine SELECT documents.id, documents.title, documents.filename, documents.file_path, documents.language, documents.status, documents.created_at 
FROM documents ORDER BY documents.created_at DESC
2026-04-07 19:39:26,816 INFO sqlalchemy.engine.Engine [cached since 96.08s ago] ()
INFO:     127.0.0.1:51762 - "GET /api/v1/documents/ HTTP/1.1" 200 OK
2026-04-07 19:39:26,820 INFO sqlalchemy.engine.Engine ROLLBACK
2026-04-07 19:39:31,612 INFO sqlalchemy.engine.Engine BEGIN (implicit)
2026-04-07 19:39:31,612 INFO sqlalchemy.engine.Engine SELECT documents.id, documents.title, documents.filename, documents.file_path, documents.language, documents.status, documents.created_at 
FROM documents ORDER BY documents.created_at DESC
2026-04-07 19:39:31,613 INFO sqlalchemy.engine.Engine [cached since 100.9s ago] ()
INFO:     127.0.0.1:51762 - "GET /api/v1/documents/ HTTP/1.1" 200 OK
2026-04-07 19:39:31,614 INFO sqlalchemy.engine.Engine ROLLBACK
2026-04-07 19:39:36,411 INFO sqlalchemy.engine.Engine BEGIN (implicit)
2026-04-07 19:39:36,412 INFO sqlalchemy.engine.Engine SELECT documents.id, documents.title, documents.filename, documents.file_path, documents.language, documents.status, documents.created_at 
FROM documents ORDER BY documents.created_at DESC
2026-04-07 19:39:36,412 INFO sqlalchemy.engine.Engine [cached since 105.7s ago] ()
INFO:     127.0.0.1:51762 - "GET /api/v1/documents/ HTTP/1.1" 200 OK
2026-04-07 19:39:36,415 INFO sqlalchemy.engine.Engine ROLLBACK
2026-04-07 19:39:41,798 INFO sqlalchemy.engine.Engine BEGIN (implicit)
2026-04-07 19:39:41,798 INFO sqlalchemy.engine.Engine SELECT documents.id, documents.title, documents.filename, documents.file_path, documents.language, documents.status, documents.created_at 
FROM documents ORDER BY documents.created_at DESC
2026-04-07 19:39:41,798 INFO sqlalchemy.engine.Engine [cached since 110.5s ago] ()
INFO:     127.0.0.1:51762 - "GET /api/v1/documents/ HTTP/1.1" 200 OK
2026-04-07 19:39:41,802 INFO sqlalchemy.engine.Engine ROLLBACK
2026-04-07 19:39:46,596 INFO sqlalchemy.engine.Engine BEGIN (implicit)
2026-04-07 19:39:46,596 INFO sqlalchemy.engine.Engine SELECT documents.id, documents.title, documents.filename, documents.file_path, documents.language, documents.status, documents.created_at 
FROM documents ORDER BY documents.created_at DESC
2026-04-07 19:39:46,596 INFO sqlalchemy.engine.Engine [cached since 115.3s ago] ()
INFO:     127.0.0.1:51762 - "GET /api/v1/documents/ HTTP/1.1" 200 OK
2026-04-07 19:39:46,598 INFO sqlalchemy.engine.Engine ROLLBACK
2026-04-07 19:39:50,765 INFO sqlalchemy.engine.Engine BEGIN (implicit)
2026-04-07 19:39:50,765 INFO sqlalchemy.engine.Engine SELECT documents.id, documents.title, documents.filename, documents.file_path, documents.language, documents.status, documents.created_at 
FROM documents ORDER BY documents.created_at DESC
2026-04-07 19:39:50,765 INFO sqlalchemy.engine.Engine [cached since 119.5s ago] ()
INFO:     127.0.0.1:51762 - "GET /api/v1/documents/ HTTP/1.1" 200 OK
2026-04-07 19:39:50,767 INFO sqlalchemy.engine.Engine ROLLBACK
2026-04-07 19:39:56,832 INFO sqlalchemy.engine.Engine BEGIN (implicit)
2026-04-07 19:39:56,832 INFO sqlalchemy.engine.Engine SELECT documents.id, documents.title, documents.filename, documents.file_path, documents.language, documents.status, documents.created_at 
FROM documents ORDER BY documents.created_at DESC
2026-04-07 19:39:56,832 INFO sqlalchemy.engine.Engine [cached since 124.3s ago] ()
INFO:     127.0.0.1:51762 - "GET /api/v1/documents/ HTTP/1.1" 200 OK
2026-04-07 19:39:56,836 INFO sqlalchemy.engine.Engine ROLLBACK
2026-04-07 19:39:58,035 INFO sqlalchemy.engine.Engine BEGIN (implicit)
2026-04-07 19:39:58,036 INFO sqlalchemy.engine.Engine INSERT INTO documents (title, filename, file_path, language, status) VALUES ($1::VARCHAR, $2::VARCHAR, $3::VARCHAR, $4::VARCHAR, $5::VARCHAR) RETURNING documents.id, documents.created_at
2026-04-07 19:39:58,036 INFO sqlalchemy.engine.Engine [cached since 125.5s ago] ('能源合作样本.pdf', '能源合作样本.pdf', 'uploads/能源合作样本.pdf', 'unknown', 'processing')
2026-04-07 19:39:58,037 INFO sqlalchemy.engine.Engine COMMIT
2026-04-07 19:39:58,040 INFO sqlalchemy.engine.Engine BEGIN (implicit)
2026-04-07 19:39:58,040 INFO sqlalchemy.engine.Engine SELECT documents.id, documents.title, documents.filename, documents.file_path, documents.language, documents.status, documents.created_at 
FROM documents 
WHERE documents.id = $1::INTEGER
2026-04-07 19:39:58,040 INFO sqlalchemy.engine.Engine [cached since 125.5s ago] (5,)
INFO:     127.0.0.1:51762 - "POST /api/v1/upload/ HTTP/1.1" 200 OK
2026-04-07 19:39:58,042 INFO sqlalchemy.engine.Engine ROLLBACK
2026-04-07 19:39:58,048 INFO sqlalchemy.engine.Engine BEGIN (implicit)
2026-04-07 19:39:58,049 INFO sqlalchemy.engine.Engine SELECT documents.id, documents.title, documents.filename, documents.file_path, documents.language, documents.status, documents.created_at 
FROM documents ORDER BY documents.created_at DESC
2026-04-07 19:39:58,049 INFO sqlalchemy.engine.Engine [cached since 125.5s ago] ()
INFO:     127.0.0.1:51762 - "GET /api/v1/documents/ HTTP/1.1" 200 OK
2026-04-07 19:39:58,051 INFO sqlalchemy.engine.Engine ROLLBACK
2026-04-07 19:40:02,265 INFO sqlalchemy.engine.Engine BEGIN (implicit)
2026-04-07 19:40:02,266 INFO sqlalchemy.engine.Engine SELECT documents.id, documents.title, documents.filename, documents.file_path, documents.language, documents.status, documents.created_at 
FROM documents ORDER BY documents.created_at DESC
2026-04-07 19:40:02,266 INFO sqlalchemy.engine.Engine [cached since 129.7s ago] ()
INFO:     127.0.0.1:51762 - "GET /api/v1/documents/ HTTP/1.1" 200 OK
2026-04-07 19:40:02,269 INFO sqlalchemy.engine.Engine ROLLBACK
2026-04-07 19:40:06,783 INFO sqlalchemy.engine.Engine BEGIN (implicit)
2026-04-07 19:40:06,784 INFO sqlalchemy.engine.Engine SELECT documents.id, documents.title, documents.filename, documents.file_path, documents.language, documents.status, documents.created_at 
FROM documents ORDER BY documents.created_at DESC
2026-04-07 19:40:06,784 INFO sqlalchemy.engine.Engine [cached since 134.2s ago] ()
INFO:     127.0.0.1:51762 - "GET /api/v1/documents/ HTTP/1.1" 200 OK
2026-04-07 19:40:06,785 INFO sqlalchemy.engine.Engine ROLLBACK
2026-04-07 19:40:11,210 INFO sqlalchemy.engine.Engine BEGIN (implicit)
2026-04-07 19:40:11,210 INFO sqlalchemy.engine.Engine SELECT documents.id, documents.title, documents.filename, documents.file_path, documents.language, documents.status, documents.created_at 
FROM documents ORDER BY documents.created_at DESC
2026-04-07 19:40:11,210 INFO sqlalchemy.engine.Engine [cached since 138.7s ago] ()
INFO:     127.0.0.1:51762 - "GET /api/v1/documents/ HTTP/1.1" 200 OK
2026-04-07 19:40:11,212 INFO sqlalchemy.engine.Engine ROLLBACK
2026-04-07 19:40:13,328 INFO sqlalchemy.engine.Engine BEGIN (implicit)
2026-04-07 19:40:13,329 INFO sqlalchemy.engine.Engine SELECT analysis_results.id, analysis_results.document_id, analysis_results.summary, analysis_results.risk_points, analysis_results.created_at 
FROM analysis_results 
WHERE analysis_results.document_id = $1::INTEGER
2026-04-07 19:40:13,329 INFO sqlalchemy.engine.Engine [generated in 0.00019s] (5,)
INFO:     127.0.0.1:51762 - "GET /api/v1/documents/5/result HTTP/1.1" 200 OK
2026-04-07 19:40:13,333 INFO sqlalchemy.engine.Engine ROLLBACK
2026-04-07 19:40:16,029 INFO sqlalchemy.engine.Engine BEGIN (implicit)
2026-04-07 19:40:16,029 INFO sqlalchemy.engine.Engine SELECT documents.id, documents.title, documents.filename, documents.file_path, documents.language, documents.status, documents.created_at 
FROM documents ORDER BY documents.created_at DESC
2026-04-07 19:40:16,029 INFO sqlalchemy.engine.Engine [cached since 143.5s ago] ()
INFO:     127.0.0.1:51762 - "GET /api/v1/documents/ HTTP/1.1" 200 OK
2026-04-07 19:40:16,032 INFO sqlalchemy.engine.Engine ROLLBACK
2026-04-07 19:40:21,457 INFO sqlalchemy.engine.Engine BEGIN (implicit)
2026-04-07 19:40:21,457 INFO sqlalchemy.engine.Engine SELECT documents.id, documents.title, documents.filename, documents.file_path, documents.language, documents.status, documents.created_at 
FROM documents ORDER BY documents.created_at DESC
2026-04-07 19:40:21,457 INFO sqlalchemy.engine.Engine [cached since 148.9s ago] ()
INFO:     127.0.0.1:40000 - "GET /api/v1/documents/ HTTP/1.1" 200 OK
2026-04-07 19:40:21,459 INFO sqlalchemy.engine.Engine ROLLBACK
2026-04-07 19:40:27,507 INFO sqlalchemy.engine.Engine BEGIN (implicit)
2026-04-07 19:40:27,507 INFO sqlalchemy.engine.Engine SELECT documents.id, documents.title, documents.filename, documents.file_path, documents.language, documents.status, documents.created_at 
FROM documents ORDER BY documents.created_at DESC
2026-04-07 19:40:27,507 INFO sqlalchemy.engine.Engine [cached since 153.7s ago] ()
INFO:     127.0.0.1:40000 - "GET /api/v1/documents/ HTTP/1.1" 200 OK
2026-04-07 19:40:27,508 INFO sqlalchemy.engine.Engine ROLLBACK
2026-04-07 19:40:32,171 INFO sqlalchemy.engine.Engine BEGIN (implicit)
2026-04-07 19:40:32,171 INFO sqlalchemy.engine.Engine SELECT documents.id, documents.title, documents.filename, documents.file_path, documents.language, documents.status, documents.created_at 
FROM documents ORDER BY documents.created_at DESC
2026-04-07 19:40:32,171 INFO sqlalchemy.engine.Engine [cached since 158.4s ago] ()
INFO:     127.0.0.1:40000 - "GET /api/v1/documents/ HTTP/1.1" 200 OK
2026-04-07 19:40:32,174 INFO sqlalchemy.engine.Engine ROLLBACK
INFO:     127.0.0.1:40000 - "OPTIONS /api/v1/documents/5/chat HTTP/1.1" 200 OK
2026-04-07 19:40:36,730 INFO sqlalchemy.engine.Engine BEGIN (implicit)
2026-04-07 19:40:36,731 INFO sqlalchemy.engine.Engine SELECT document_chunks.id, document_chunks.document_id, document_chunks.chunk_index, document_chunks.text_content, document_chunks.embedding 
FROM document_chunks 
WHERE document_chunks.document_id = $1::INTEGER ORDER BY document_chunks.embedding <=> $2 
 LIMIT $3::INTEGER
2026-04-07 19:40:36,731 INFO sqlalchemy.engine.Engine [generated in 0.00052s] (5, '[-0.016708817332983017,0.07345036417245865,-0.009574010036885738,0.07633709907531738,0.03261513262987137,-0.036922793835401535,0.03833000734448433,-0 ... (15585 characters truncated) ... 0.07687192410230637,-0.0013159929076209664,-0.16801922023296356,-0.035959213972091675,0.08696983754634857,-0.16799120604991913,-0.003474437166005373]', 3)
2026-04-07 19:40:36,751 INFO sqlalchemy.engine.Engine BEGIN (implicit)
2026-04-07 19:40:36,752 INFO sqlalchemy.engine.Engine SELECT documents.id, documents.title, documents.filename, documents.file_path, documents.language, documents.status, documents.created_at 
FROM documents ORDER BY documents.created_at DESC
2026-04-07 19:40:36,752 INFO sqlalchemy.engine.Engine [cached since 163s ago] ()
INFO:     127.0.0.1:45468 - "GET /api/v1/documents/ HTTP/1.1" 200 OK
2026-04-07 19:40:36,754 INFO sqlalchemy.engine.Engine ROLLBACK
INFO:     127.0.0.1:40000 - "POST /api/v1/documents/5/chat HTTP/1.1" 200 OK
2026-04-07 19:40:39,532 INFO sqlalchemy.engine.Engine ROLLBACK
2026-04-07 19:40:42,541 INFO sqlalchemy.engine.Engine BEGIN (implicit)
2026-04-07 19:40:42,542 INFO sqlalchemy.engine.Engine SELECT documents.id, documents.title, documents.filename, documents.file_path, documents.language, documents.status, documents.created_at 
FROM documents ORDER BY documents.created_at DESC
2026-04-07 19:40:42,542 INFO sqlalchemy.engine.Engine [cached since 168.2s ago] ()
INFO:     127.0.0.1:40000 - "GET /api/v1/documents/ HTTP/1.1" 200 OK
2026-04-07 19:40:42,545 INFO sqlalchemy.engine.Engine ROLLBACK
2026-04-07 19:40:47,341 INFO sqlalchemy.engine.Engine BEGIN (implicit)
2026-04-07 19:40:47,342 INFO sqlalchemy.engine.Engine SELECT documents.id, documents.title, documents.filename, documents.file_path, documents.language, documents.status, documents.created_at 
FROM documents ORDER BY documents.created_at DESC
2026-04-07 19:40:47,342 INFO sqlalchemy.engine.Engine [cached since 173s ago] ()
INFO:     127.0.0.1:40000 - "GET /api/v1/documents/ HTTP/1.1" 200 OK
2026-04-07 19:40:47,344 INFO sqlalchemy.engine.Engine ROLLBACK
2026-04-07 19:40:51,509 INFO sqlalchemy.engine.Engine BEGIN (implicit)
2026-04-07 19:40:51,509 INFO sqlalchemy.engine.Engine SELECT documents.id, documents.title, documents.filename, documents.file_path, documents.language, documents.status, documents.created_at 
FROM documents ORDER BY documents.created_at DESC
2026-04-07 19:40:51,509 INFO sqlalchemy.engine.Engine [cached since 177.1s ago] ()
INFO:     127.0.0.1:40000 - "GET /api/v1/documents/ HTTP/1.1" 200 OK
2026-04-07 19:40:51,511 INFO sqlalchemy.engine.Engine ROLLBACK
2026-04-07 19:40:52,951 INFO sqlalchemy.engine.Engine BEGIN (implicit)
2026-04-07 19:40:52,952 INFO sqlalchemy.engine.Engine SELECT document_chunks.id, document_chunks.document_id, document_chunks.chunk_index, document_chunks.text_content, document_chunks.embedding 
FROM document_chunks 
WHERE document_chunks.document_id = $1::INTEGER ORDER BY document_chunks.embedding <=> $2 
 LIMIT $3::INTEGER
2026-04-07 19:40:52,952 INFO sqlalchemy.engine.Engine [cached since 15.61s ago] (5, '[0.0593189001083374,-0.13257832825183868,-0.014272495172917843,0.030784618109464645,0.028872493654489517,0.006124955601990223,0.08407463878393173,-0. ... (15577 characters truncated) ... 0.11979208886623383,0.03262604400515556,-0.01876453496515751,0.012446117587387562,-0.0014201657613739371,-0.0017342886421829462,-0.15947918593883514]', 3)
INFO:     127.0.0.1:40000 - "POST /api/v1/documents/5/chat HTTP/1.1" 200 OK
2026-04-07 19:40:55,798 INFO sqlalchemy.engine.Engine ROLLBACK
2026-04-07 19:40:56,329 INFO sqlalchemy.engine.Engine BEGIN (implicit)
2026-04-07 19:40:56,329 INFO sqlalchemy.engine.Engine SELECT documents.id, documents.title, documents.filename, documents.file_path, documents.language, documents.status, documents.created_at 
FROM documents ORDER BY documents.created_at DESC
2026-04-07 19:40:56,329 INFO sqlalchemy.engine.Engine [cached since 181.9s ago] ()
INFO:     127.0.0.1:40000 - "GET /api/v1/documents/ HTTP/1.1" 200 OK
2026-04-07 19:40:56,333 INFO sqlalchemy.engine.Engine ROLLBACK
2026-04-07 19:41:01,748 INFO sqlalchemy.engine.Engine BEGIN (implicit)
2026-04-07 19:41:01,748 INFO sqlalchemy.engine.Engine SELECT documents.id, documents.title, documents.filename, documents.file_path, documents.language, documents.status, documents.created_at 
FROM documents ORDER BY documents.created_at DESC
2026-04-07 19:41:01,748 INFO sqlalchemy.engine.Engine [cached since 187.4s ago] ()
INFO:     127.0.0.1:48990 - "GET /api/v1/documents/ HTTP/1.1" 200 OK
2026-04-07 19:41:01,749 INFO sqlalchemy.engine.Engine ROLLBACK
2026-04-07 19:41:04,498 INFO sqlalchemy.engine.Engine BEGIN (implicit)
2026-04-07 19:41:04,499 INFO sqlalchemy.engine.Engine SELECT document_chunks.id, document_chunks.document_id, document_chunks.chunk_index, document_chunks.text_content, document_chunks.embedding 
FROM document_chunks 
WHERE document_chunks.document_id = $1::INTEGER ORDER BY document_chunks.embedding <=> $2 
 LIMIT $3::INTEGER
2026-04-07 19:41:04,499 INFO sqlalchemy.engine.Engine [cached since 27.16s ago] (5, '[0.08778917044401169,0.0883152112364769,-0.017002586275339127,-0.054178446531295776,-0.05665735900402069,0.08411672711372375,0.11947137862443924,0.02 ... (15551 characters truncated) ... ,-0.01216667890548706,-0.022228702902793884,0.043431662023067474,0.20276276767253876,0.0033564958721399307,0.015192991122603416,0.005582487676292658]', 3)
2026-04-07 19:41:06,573 INFO sqlalchemy.engine.Engine BEGIN (implicit)
2026-04-07 19:41:06,573 INFO sqlalchemy.engine.Engine SELECT documents.id, documents.title, documents.filename, documents.file_path, documents.language, documents.status, documents.created_at 
FROM documents ORDER BY documents.created_at DESC
2026-04-07 19:41:06,573 INFO sqlalchemy.engine.Engine [cached since 192.2s ago] ()
INFO:     127.0.0.1:50398 - "GET /api/v1/documents/ HTTP/1.1" 200 OK
2026-04-07 19:41:06,575 INFO sqlalchemy.engine.Engine ROLLBACK
INFO:     127.0.0.1:48990 - "POST /api/v1/documents/5/chat HTTP/1.1" 200 OK
2026-04-07 19:41:06,834 INFO sqlalchemy.engine.Engine ROLLBACK
2026-04-07 19:41:10,718 INFO sqlalchemy.engine.Engine BEGIN (implicit)
2026-04-07 19:41:10,719 INFO sqlalchemy.engine.Engine SELECT documents.id, documents.title, documents.filename, documents.file_path, documents.language, documents.status, documents.created_at 
FROM documents ORDER BY documents.created_at DESC
2026-04-07 19:41:10,719 INFO sqlalchemy.engine.Engine [cached since 196.3s ago] ()
INFO:     127.0.0.1:48990 - "GET /api/v1/documents/ HTTP/1.1" 200 OK
2026-04-07 19:41:10,720 INFO sqlalchemy.engine.Engine ROLLBACK
2026-04-07 19:41:16,763 INFO sqlalchemy.engine.Engine BEGIN (implicit)
2026-04-07 19:41:16,763 INFO sqlalchemy.engine.Engine SELECT documents.id, documents.title, documents.filename, documents.file_path, documents.language, documents.status, documents.created_at 
FROM documents ORDER BY documents.created_at DESC
2026-04-07 19:41:16,765 INFO sqlalchemy.engine.Engine [cached since 201.2s ago] ()
INFO:     127.0.0.1:48990 - "GET /api/v1/documents/ HTTP/1.1" 200 OK
2026-04-07 19:41:16,768 INFO sqlalchemy.engine.Engine ROLLBACK
2026-04-07 19:41:21,754 INFO sqlalchemy.engine.Engine BEGIN (implicit)
2026-04-07 19:41:21,754 INFO sqlalchemy.engine.Engine SELECT documents.id, documents.title, documents.filename, documents.file_path, documents.language, documents.status, documents.created_at 
FROM documents ORDER BY documents.created_at DESC
2026-04-07 19:41:21,754 INFO sqlalchemy.engine.Engine [cached since 206.2s ago] ()
INFO:     127.0.0.1:48990 - "GET /api/v1/documents/ HTTP/1.1" 200 OK
2026-04-07 19:41:21,758 INFO sqlalchemy.engine.Engine ROLLBACK
2026-04-07 19:41:26,369 INFO sqlalchemy.engine.Engine BEGIN (implicit)
2026-04-07 19:41:26,370 INFO sqlalchemy.engine.Engine SELECT documents.id, documents.title, documents.filename, documents.file_path, documents.language, documents.status, documents.created_at 
FROM documents ORDER BY documents.created_at DESC
2026-04-07 19:41:26,370 INFO sqlalchemy.engine.Engine [cached since 210.8s ago] ()
INFO:     127.0.0.1:48990 - "GET /api/v1/documents/ HTTP/1.1" 200 OK
2026-04-07 19:41:26,372 INFO sqlalchemy.engine.Engine ROLLBACK
2026-04-07 19:41:31,804 INFO sqlalchemy.engine.Engine BEGIN (implicit)
2026-04-07 19:41:31,804 INFO sqlalchemy.engine.Engine SELECT documents.id, documents.title, documents.filename, documents.file_path, documents.language, documents.status, documents.created_at 
FROM documents ORDER BY documents.created_at DESC
2026-04-07 19:41:31,804 INFO sqlalchemy.engine.Engine [cached since 216.2s ago] ()
INFO:     127.0.0.1:34708 - "GET /api/v1/documents/ HTTP/1.1" 200 OK
2026-04-07 19:41:31,807 INFO sqlalchemy.engine.Engine ROLLBACK
2026-04-07 19:41:36,601 INFO sqlalchemy.engine.Engine BEGIN (implicit)
2026-04-07 19:41:36,601 INFO sqlalchemy.engine.Engine SELECT documents.id, documents.title, documents.filename, documents.file_path, documents.language, documents.status, documents.created_at 
FROM documents ORDER BY documents.created_at DESC
2026-04-07 19:41:36,601 INFO sqlalchemy.engine.Engine [cached since 221s ago] ()
INFO:     127.0.0.1:34708 - "GET /api/v1/documents/ HTTP/1.1" 200 OK
2026-04-07 19:41:36,603 INFO sqlalchemy.engine.Engine ROLLBACK
2026-04-07 19:41:41,402 INFO sqlalchemy.engine.Engine BEGIN (implicit)
2026-04-07 19:41:41,402 INFO sqlalchemy.engine.Engine SELECT documents.id, documents.title, documents.filename, documents.file_path, documents.language, documents.status, documents.created_at 
FROM documents ORDER BY documents.created_at DESC
2026-04-07 19:41:41,402 INFO sqlalchemy.engine.Engine [cached since 225.8s ago] ()
INFO:     127.0.0.1:34708 - "GET /api/v1/documents/ HTTP/1.1" 200 OK
2026-04-07 19:41:41,407 INFO sqlalchemy.engine.Engine ROLLBACK
2026-04-07 19:41:47,437 INFO sqlalchemy.engine.Engine BEGIN (implicit)
2026-04-07 19:41:47,437 INFO sqlalchemy.engine.Engine SELECT documents.id, documents.title, documents.filename, documents.file_path, documents.language, documents.status, documents.created_at 
FROM documents ORDER BY documents.created_at DESC
2026-04-07 19:41:47,437 INFO sqlalchemy.engine.Engine [cached since 230.6s ago] ()
INFO:     127.0.0.1:34708 - "GET /api/v1/documents/ HTTP/1.1" 200 OK
2026-04-07 19:41:47,439 INFO sqlalchemy.engine.Engine ROLLBACK
2026-04-07 19:41:52,247 INFO sqlalchemy.engine.Engine BEGIN (implicit)
2026-04-07 19:41:52,247 INFO sqlalchemy.engine.Engine SELECT documents.id, documents.title, documents.filename, documents.file_path, documents.language, documents.status, documents.created_at 
FROM documents ORDER BY documents.created_at DESC
2026-04-07 19:41:52,247 INFO sqlalchemy.engine.Engine [cached since 235.4s ago] ()
INFO:     127.0.0.1:34708 - "GET /api/v1/documents/ HTTP/1.1" 200 OK
2026-04-07 19:41:52,251 INFO sqlalchemy.engine.Engine ROLLBACK
2026-04-07 19:41:57,044 INFO sqlalchemy.engine.Engine BEGIN (implicit)
2026-04-07 19:41:57,045 INFO sqlalchemy.engine.Engine SELECT documents.id, documents.title, documents.filename, documents.file_path, documents.language, documents.status, documents.created_at 
FROM documents ORDER BY documents.created_at DESC
2026-04-07 19:41:57,045 INFO sqlalchemy.engine.Engine [cached since 240.2s ago] ()
INFO:     127.0.0.1:34708 - "GET /api/v1/documents/ HTTP/1.1" 200 OK
2026-04-07 19:41:57,048 INFO sqlalchemy.engine.Engine ROLLBACK
2026-04-07 19:42:01,850 INFO sqlalchemy.engine.Engine BEGIN (implicit)
2026-04-07 19:42:01,850 INFO sqlalchemy.engine.Engine SELECT documents.id, documents.title, documents.filename, documents.file_path, documents.language, documents.status, documents.created_at 
FROM documents ORDER BY documents.created_at DESC
2026-04-07 19:42:01,850 INFO sqlalchemy.engine.Engine [cached since 245s ago] ()
INFO:     127.0.0.1:34708 - "GET /api/v1/documents/ HTTP/1.1" 200 OK
2026-04-07 19:42:01,853 INFO sqlalchemy.engine.Engine ROLLBACK
2026-04-07 19:42:06,660 INFO sqlalchemy.engine.Engine BEGIN (implicit)
2026-04-07 19:42:06,660 INFO sqlalchemy.engine.Engine SELECT documents.id, documents.title, documents.filename, documents.file_path, documents.language, documents.status, documents.created_at 
FROM documents ORDER BY documents.created_at DESC
2026-04-07 19:42:06,660 INFO sqlalchemy.engine.Engine [cached since 249.8s ago] ()
INFO:     127.0.0.1:34708 - "GET /api/v1/documents/ HTTP/1.1" 200 OK
2026-04-07 19:42:06,664 INFO sqlalchemy.engine.Engine ROLLBACK
2026-04-07 19:42:11,455 INFO sqlalchemy.engine.Engine BEGIN (implicit)
2026-04-07 19:42:11,455 INFO sqlalchemy.engine.Engine SELECT documents.id, documents.title, documents.filename, documents.file_path, documents.language, documents.status, documents.created_at 
FROM documents ORDER BY documents.created_at DESC
2026-04-07 19:42:11,455 INFO sqlalchemy.engine.Engine [cached since 254.6s ago] ()
INFO:     127.0.0.1:34708 - "GET /api/v1/documents/ HTTP/1.1" 200 OK
2026-04-07 19:42:11,457 INFO sqlalchemy.engine.Engine ROLLBACK
2026-04-07 19:42:16,873 INFO sqlalchemy.engine.Engine BEGIN (implicit)
2026-04-07 19:42:16,873 INFO sqlalchemy.engine.Engine SELECT documents.id, documents.title, documents.filename, documents.file_path, documents.language, documents.status, documents.created_at 
FROM documents ORDER BY documents.created_at DESC
2026-04-07 19:42:16,873 INFO sqlalchemy.engine.Engine [cached since 259.4s ago] ()
INFO:     127.0.0.1:34708 - "GET /api/v1/documents/ HTTP/1.1" 200 OK
2026-04-07 19:42:16,877 INFO sqlalchemy.engine.Engine ROLLBACK
2026-04-07 19:42:21,683 INFO sqlalchemy.engine.Engine BEGIN (implicit)
2026-04-07 19:42:21,683 INFO sqlalchemy.engine.Engine SELECT documents.id, documents.title, documents.filename, documents.file_path, documents.language, documents.status, documents.created_at 
FROM documents ORDER BY documents.created_at DESC
2026-04-07 19:42:21,683 INFO sqlalchemy.engine.Engine [cached since 264.3s ago] ()
INFO:     127.0.0.1:34708 - "GET /api/v1/documents/ HTTP/1.1" 200 OK
2026-04-07 19:42:21,685 INFO sqlalchemy.engine.Engine ROLLBACK
2026-04-07 19:42:26,482 INFO sqlalchemy.engine.Engine BEGIN (implicit)
2026-04-07 19:42:26,483 INFO sqlalchemy.engine.Engine SELECT documents.id, documents.title, documents.filename, documents.file_path, documents.language, documents.status, documents.created_at 
FROM documents ORDER BY documents.created_at DESC
2026-04-07 19:42:26,483 INFO sqlalchemy.engine.Engine [cached since 269.1s ago] ()
INFO:     127.0.0.1:34708 - "GET /api/v1/documents/ HTTP/1.1" 200 OK
2026-04-07 19:42:26,484 INFO sqlalchemy.engine.Engine ROLLBACK
2026-04-07 19:42:45,010 INFO sqlalchemy.engine.Engine BEGIN (implicit)
2026-04-07 19:42:45,011 INFO sqlalchemy.engine.Engine SELECT documents.id, documents.title, documents.filename, documents.file_path, documents.language, documents.status, documents.created_at 
FROM documents ORDER BY documents.created_at DESC
2026-04-07 19:42:45,011 INFO sqlalchemy.engine.Engine [cached since 286.4s ago] ()
INFO:     127.0.0.1:42846 - "GET /api/v1/documents/ HTTP/1.1" 200 OK
2026-04-07 19:42:45,012 INFO sqlalchemy.engine.Engine ROLLBACK
2026-04-07 19:43:44,484 INFO sqlalchemy.engine.Engine BEGIN (implicit)
2026-04-07 19:43:44,485 INFO sqlalchemy.engine.Engine SELECT documents.id, documents.title, documents.filename, documents.file_path, documents.language, documents.status, documents.created_at 
FROM documents ORDER BY documents.created_at DESC
2026-04-07 19:43:44,485 INFO sqlalchemy.engine.Engine [cached since 344s ago] ()
INFO:     127.0.0.1:33258 - "GET /api/v1/documents/ HTTP/1.1" 200 OK
2026-04-07 19:43:44,487 INFO sqlalchemy.engine.Engine ROLLBACK
2026-04-07 19:44:44,585 INFO sqlalchemy.engine.Engine BEGIN (implicit)
2026-04-07 19:44:44,586 INFO sqlalchemy.engine.Engine SELECT documents.id, documents.title, documents.filename, documents.file_path, documents.language, documents.status, documents.created_at 
FROM documents ORDER BY documents.created_at DESC
2026-04-07 19:44:44,586 INFO sqlalchemy.engine.Engine [cached since 401.7s ago] ()
INFO:     127.0.0.1:50644 - "GET /api/v1/documents/ HTTP/1.1" 200 OK
2026-04-07 19:44:44,588 INFO sqlalchemy.engine.Engine ROLLBACK
2026-04-07 19:45:44,685 INFO sqlalchemy.engine.Engine BEGIN (implicit)
2026-04-07 19:45:44,685 INFO sqlalchemy.engine.Engine SELECT documents.id, documents.title, documents.filename, documents.file_path, documents.language, documents.status, documents.created_at 
FROM documents ORDER BY documents.created_at DESC
2026-04-07 19:45:44,685 INFO sqlalchemy.engine.Engine [cached since 459.3s ago] ()
INFO:     127.0.0.1:43968 - "GET /api/v1/documents/ HTTP/1.1" 200 OK
2026-04-07 19:45:44,688 INFO sqlalchemy.engine.Engine ROLLBACK
INFO:     connection closed
INFO:     Shutting down
INFO:     Waiting for application shutdown.
INFO:     Application shutdown complete.
INFO:     Finished server process [27969]
